<?xml version="1.0" encoding="UTF-8"?>
<testsuite xmlns:xsi="http://www.w3.org/2001/XMLSchema-instance" xsi:noNamespaceSchemaLocation="https://maven.apache.org/surefire/maven-surefire-plugin/xsd/surefire-test-report.xsd" version="3.0.2" name="com.ProductsFilterSort.Products.ProductsFilterSortApplicationTests" time="10.029" tests="1" errors="0" skipped="0" failures="0">
  <properties>
[...]
</properties>
  <testcase name="contextLoads" classname="com.ProductsFilterSort.Products.ProductsFilterSortApplicationTests" time="1.997">
    <system-out><![CDATA[19:22:09.429 [main] INFO org.springframework.test.context.support.AnnotationConfigContextLoaderUtils -- Could not detect default configuration classes for test class [com.ProductsFilterSort.Products.ProductsFilterSortApplicationTests]: ProductsFilterSortApplicationTests does not declare any static, non-private, non-final, nested classes annotated with @Configuration.
19:22:10.071 [main] INFO org.springframework.boot.test.context.SpringBootTestContextBootstrapper -- Found @SpringBootConfiguration com.ProductsFilterSort.Products.ProductsFilterSortApplication for test class com.ProductsFilterSort.Products.ProductsFilterSortApplicationTests

  .   ____          _            __ _ _
 /\\ / ___'_ __ _ _(_)_ __  __ _ \ \ \ \
( ( )\___ | '_ | '_| | '_ \/ _` | \ \ \ \
 \\/  ___)| |_)| | | | | || (_| |  ) ) ) )
  '  |____| .__|_| |_|_| |_\__, | / / / /
 =========|_|==============|___/=/_/_/_/

 :: Spring Boot ::                (v4.0.1)

2025-12-30T19:22:12.510+05:30  INFO 31380 --- [ProductsFilterSort] [           main] c.P.P.ProductsFilterSortApplicationTests : Starting ProductsFilterSortApplicationTests using Java 21 with PID 31380 (started by 312692 in c:\Users\312692\OneDrive - Cognizant\Documents\Profile\HackerRank\Product\Product)
2025-12-30T19:22:12.515+05:30  INFO 31380 --- [ProductsFilterSort] [           main] c.P.P.ProductsFilterSortApplicationTests : No active profile set, falling back to 1 default profile: "default"
2025-12-30T19:22:16.547+05:30  INFO 31380 --- [ProductsFilterSort] [           main] c.P.P.ProductsFilterSortApplicationTests : Started ProductsFilterSortApplicationTests in 5.495 seconds (process running for 10.832)
]]></system-out>
    <system-err><![CDATA[Mockito is currently self-attaching to enable the inline-mock-maker. This will no longer work in future releases of the JDK. Please add Mockito as an agent to your build as described in Mockito's documentation: https://javadoc.io/doc/org.mockito/mockito-core/latest/org.mockito/org/mockito/Mockito.html#0.3
WARNING: A Java agent has been loaded dynamically (C:\Users\312692\.m2\repository\net\bytebuddy\byte-buddy-agent\1.17.8\byte-buddy-agent-1.17.8.jar)
WARNING: If a serviceability tool is in use, please run with -XX:+EnableDynamicAgentLoading to hide this warning
WARNING: If a serviceability tool is not in use, please run with -Djdk.instrument.traceUsage for more information
WARNING: Dynamic loading of agents will be disallowed by default in a future release
]]></system-err>
  </testcase>
</testsuite>